<?xml version="1.0" encoding="UTF-8"?>
<!-- Generated by org.testng.reporters.JUnitReportReporter -->
<testsuite hostname="QT-INBG-LT" failures="0" tests="1" name="APIFour" time="4.143" errors="0" timestamp="31 Mar 2021 09:26:21 GMT" skipped="0">
  <testcase classname="APIFour" name="APITest" time="4.143"/>
</testsuite> <!-- APIFour -->
