<?xml version="1.0" encoding="UTF-8"?>
<!-- Generated by org.testng.reporters.JUnitReportReporter -->
<testsuite hostname="QT-INBG-LT" failures="0" tests="2" name="APIFive" time="7.335" errors="0" timestamp="31 Mar 2021 10:00:08 GMT" skipped="0">
  <testcase classname="APIFive" name="APITest5" time="0.893"/>
  <testcase classname="APIFive" name="APITest5" time="6.442"/>
</testsuite> <!-- APIFive -->
