<?xml version="1.0" encoding="UTF-8"?>
<!-- Generated by org.testng.reporters.JUnitReportReporter -->
<testsuite hostname="QT-INBG-LT" failures="0" tests="1" name="APIFirst" time="3.737" errors="0" timestamp="31 Mar 2021 04:19:01 GMT" skipped="0">
  <testcase classname="APIFirst" name="APITest" time="3.737"/>
</testsuite> <!-- APIFirst -->
