<?xml version="1.0" encoding="UTF-8"?>
<!-- Generated by org.testng.reporters.JUnitReportReporter -->
<testsuite hostname="QT-INBG-LT" failures="0" tests="1" name="APIThird" time="4.463" errors="0" timestamp="31 Mar 2021 07:27:58 GMT" skipped="0">
  <testcase classname="APIThird" name="APITest3" time="4.463"/>
</testsuite> <!-- APIThird -->
