<?xml version="1.0" encoding="UTF-8"?>
<!-- Generated by org.testng.reporters.JUnitReportReporter -->
<testsuite hostname="QT-INBG-LT" failures="0" tests="1" name="APISecond" time="3.986" errors="0" timestamp="31 Mar 2021 04:57:06 GMT" skipped="0">
  <testcase classname="APISecond" name="APITest2" time="3.986"/>
</testsuite> <!-- APISecond -->
