<?xml version="1.0" encoding="UTF-8"?>
<!-- Generated by org.testng.reporters.JUnitReportReporter -->
<testsuite hostname="QT-INBG-LT" failures="0" tests="1" name="MyNewProjectAPI.RestAssuredTestProject.AppTest" time="0.002" errors="0" timestamp="1 Apr 2021 12:08:39 GMT">
  <testcase classname="MyNewProjectAPI.RestAssuredTestProject.AppTest" name="shouldAnswerWithTrue" time="0.002"/>
</testsuite> <!-- MyNewProjectAPI.RestAssuredTestProject.AppTest -->
