<?xml version="1.0" encoding="UTF-8"?>
<!-- Generated by org.testng.reporters.JUnitReportReporter -->
<testsuite hostname="QT-INBG-LT" failures="0" tests="1" name="test.GlobalVariable" time="28.992" errors="0" timestamp="2021-03-22T10:09:03 IST" skipped="0">
  <testcase classname="test.GlobalVariable" name="login" time="28.992"/>
  <system-out/>
</testsuite> <!-- test.GlobalVariable -->
