<?xml version="1.0" encoding="UTF-8"?>
<!-- Generated by org.testng.reporters.JUnitReportReporter -->
<testsuite hostname="QT-INBG-LT" failures="0" tests="4" name="test.Basic4" time="0.022" errors="0" timestamp="2021-03-20T12:33:17 IST" skipped="0">
  <testcase classname="test.Basic4" name="MobileDeitCardMethod2" time="0.004"/>
  <system-out/>
  <testcase classname="test.Basic4" name="MobileDeitCardMethod2" time="0.003"/>
  <system-out/>
  <testcase classname="test.Basic4" name="MobileDebitCardMethod1" time="0.005"/>
  <system-out/>
  <testcase classname="test.Basic4" name="MobileDeitCardMethod2" time="0.010"/>
  <system-out/>
</testsuite> <!-- test.Basic4 -->
