<?xml version="1.0" encoding="UTF-8"?>
<!-- Generated by org.testng.reporters.JUnitReportReporter -->
<testsuite hostname="QT-INBG-LT" failures="0" tests="3" name="test.Basic" time="0.020" errors="0" timestamp="2021-03-20T12:33:17 IST" skipped="0">
  <testcase classname="test.Basic" name="dummy" time="0.007"/>
  <system-out/>
  <testcase classname="test.Basic" name="WebCreditCardMethod2" time="0.003"/>
  <system-out/>
  <testcase classname="test.Basic" name="WebCreditCardMethod1" time="0.010"/>
  <system-out/>
</testsuite> <!-- test.Basic -->
