<?xml version="1.0" encoding="UTF-8"?>
<!-- Generated by org.testng.reporters.JUnitReportReporter -->
<testsuite hostname="QT-INBG-LT" failures="0" tests="2" name="test.Basic1" time="0.008" errors="0" timestamp="2021-03-20T12:33:17 IST" skipped="0">
  <testcase classname="test.Basic1" name="MobileCreditCardMethod1" time="0.005"/>
  <system-out/>
  <testcase classname="test.Basic1" name="MobileCreditCardMethod2" time="0.003"/>
  <system-out/>
</testsuite> <!-- test.Basic1 -->
