<?xml version="1.0" encoding="UTF-8"?>
<!-- Generated by org.testng.reporters.JUnitReportReporter -->
<testsuite hostname="QT-INBG-LT" failures="0" tests="2" name="twitter" time="5.017" errors="0" timestamp="01 Apr 2021 10:21:02 GMT" skipped="0">
  <testcase classname="twitter" name="getTweet" time="3.842"/>
  <testcase classname="twitter" name="postanddeleteTweet" time="1.175"/>
</testsuite> <!-- twitter -->
